7.9345 	WARNING 	User requested fullscreen with size [1536  864], but screen is actually [1920, 1080]. Using actual size
8.2902 	EXP 	Created window1 = Window(allowGUI=True, allowStencil=True, autoLog=True, backendConf=UNKNOWN, backgroundFit=<method-wrapper '__getattribute__' of attributeSetter object at 0x0000020712B9AC80>, backgroundImage=<method-wrapper '__getattribute__' of attributeSetter object at 0x0000020712B9AC20>, bitsMode=UNKNOWN, blendMode='avg', bpc=(8, 8, 8), color=array([-1, -1, -1]), colorSpace='rgb', depthBits=8, fullscr=True, gamma=None, gammaErrorPolicy='raise', infoMsg=UNKNOWN, lms=UNKNOWN, monitor=<psychopy.monitors.calibTools.Monitor object at 0x0000020712C3BAF0>, multiSample=False, name='window1', numSamples=2, pos=[0.0, 0.0], screen=0, size=array([1920, 1080]), stencilBits=8, stereo=False, title='PsychoPy', units='height', useFBO=True, useRetina=False, viewOri=0.0, viewPos=None, viewScale=None, waitBlanking=True, winType='pyglet')
8.2902 	EXP 	window1: backgroundImage = ''
8.2903 	EXP 	window1: backgroundFit = 'none'
8.3548 	EXP 	window1: Attempting to measure frame rate of screen (0) ...
8.3549 	EXP 	window1: recordFrameIntervals = False
8.5055 	EXP 	window1: recordFrameIntervals = True
8.6894 	EXP 	Screen (0) actual frame rate measured at 59.87Hz
8.6894 	EXP 	window1: recordFrameIntervals = False
10.8770 	EXP 	corsi_blocks: status = STARTED
10.9647 	EXP 	Created text = TextStim(__class__=<class 'psychopy.visual.text.TextStim'>, alignHoriz=method-wrapper(...), alignText='center', alignVert=method-wrapper(...), anchorHoriz='center', anchorVert='center', antialias=True, autoDraw=False, autoLog=True, bold=False, color=array([1., 1., 1.]), colorSpace='rgb', contrast=1.0, depth=0.0, draggable=False, flipHoriz=False, flipVert=False, font='Arial', fontFiles=[], height=0.05, italic=False, languageStyle='LTR', name='text', opacity=1, ori=0.0, pos=array([0., 0.]), rgb=UNKNOWN, text=str(...), units='height', win=Window(...), wrapWidth=1)
10.9694 	EXP 	Created blank = TextStim(__class__=<class 'psychopy.visual.text.TextStim'>, alignHoriz=method-wrapper(...), alignText='center', alignVert=method-wrapper(...), anchorHoriz='center', anchorVert='center', antialias=True, autoDraw=False, autoLog=True, bold=False, color=array([1., 1., 1.]), colorSpace='rgb', contrast=1.0, depth=0.0, draggable=False, flipHoriz=False, flipVert=False, font='Arial', fontFiles=[], height=0.2, italic=False, languageStyle='LTR', name='blank', opacity=1, ori=0, pos=array([0., 0.]), rgb=UNKNOWN, text='+', units='height', win=Window(...), wrapWidth=1)
10.9702 	EXP 	Created blk1_3 = Rect(__class__=<class 'psychopy.visual.rect.Rect'>, anchor=('center', 'center'), autoDraw=False, autoLog=True, closeShape=True, color=method-wrapper(...), colorSpace='rgb', contrast=None, depth=-1.0, draggable=False, fillColor=array([1, 1, 1]), fillColorSpace='rgb', fillRGB=array([1, 1, 1]), interpolate=True, lineColor=array([1., 1., 1.]), lineColorSpace='rgb', lineRGB=array([1, 1, 1]), lineWidth=1, name='blk1_3', opacity=1, ori=0.0, pos=array([0., 0.]), size=array([0.1, 0.1]), units='height', vertices=ndarray(...), win=Window(...))
10.9708 	EXP 	Created blk2_3 = Rect(__class__=<class 'psychopy.visual.rect.Rect'>, anchor=('center', 'center'), autoDraw=False, autoLog=True, closeShape=True, color=method-wrapper(...), colorSpace='rgb', contrast=None, depth=-2.0, draggable=False, fillColor=array([1, 1, 1]), fillColorSpace='rgb', fillRGB=array([1, 1, 1]), interpolate=True, lineColor=array([1., 1., 1.]), lineColorSpace='rgb', lineRGB=array([1, 1, 1]), lineWidth=1, name='blk2_3', opacity=1, ori=0.0, pos=array([0., 0.]), size=array([0.1, 0.1]), units='height', vertices=ndarray(...), win=Window(...))
10.9714 	EXP 	Created blk3_3 = Rect(__class__=<class 'psychopy.visual.rect.Rect'>, anchor=('center', 'center'), autoDraw=False, autoLog=True, closeShape=True, color=method-wrapper(...), colorSpace='rgb', contrast=None, depth=-3.0, draggable=False, fillColor=array([1, 1, 1]), fillColorSpace='rgb', fillRGB=array([1, 1, 1]), interpolate=True, lineColor=array([1., 1., 1.]), lineColorSpace='rgb', lineRGB=array([1, 1, 1]), lineWidth=1, name='blk3_3', opacity=1, ori=0.0, pos=array([0., 0.]), size=array([0.1, 0.1]), units='height', vertices=ndarray(...), win=Window(...))
10.9720 	EXP 	Created blk4_3 = Rect(__class__=<class 'psychopy.visual.rect.Rect'>, anchor=('center', 'center'), autoDraw=False, autoLog=True, closeShape=True, color=method-wrapper(...), colorSpace='rgb', contrast=None, depth=-4.0, draggable=False, fillColor=array([1, 1, 1]), fillColorSpace='rgb', fillRGB=array([1, 1, 1]), interpolate=True, lineColor=array([1., 1., 1.]), lineColorSpace='rgb', lineRGB=array([1, 1, 1]), lineWidth=1, name='blk4_3', opacity=1, ori=0.0, pos=array([0., 0.]), size=array([0.1, 0.1]), units='height', vertices=ndarray(...), win=Window(...))
10.9726 	EXP 	Created blk5_3 = Rect(__class__=<class 'psychopy.visual.rect.Rect'>, anchor=('center', 'center'), autoDraw=False, autoLog=True, closeShape=True, color=method-wrapper(...), colorSpace='rgb', contrast=None, depth=-5.0, draggable=False, fillColor=array([1, 1, 1]), fillColorSpace='rgb', fillRGB=array([1, 1, 1]), interpolate=True, lineColor=array([1., 1., 1.]), lineColorSpace='rgb', lineRGB=array([1, 1, 1]), lineWidth=1, name='blk5_3', opacity=1, ori=0.0, pos=array([0., 0.]), size=array([0.1, 0.1]), units='height', vertices=ndarray(...), win=Window(...))
10.9732 	EXP 	Created blk6_3 = Rect(__class__=<class 'psychopy.visual.rect.Rect'>, anchor=('center', 'center'), autoDraw=False, autoLog=True, closeShape=True, color=method-wrapper(...), colorSpace='rgb', contrast=None, depth=-6.0, draggable=False, fillColor=array([1, 1, 1]), fillColorSpace='rgb', fillRGB=array([1, 1, 1]), interpolate=True, lineColor=array([1., 1., 1.]), lineColorSpace='rgb', lineRGB=array([1, 1, 1]), lineWidth=1, name='blk6_3', opacity=1, ori=0.0, pos=array([0., 0.]), size=array([0.1, 0.1]), units='height', vertices=ndarray(...), win=Window(...))
10.9738 	EXP 	Created blk7_3 = Rect(__class__=<class 'psychopy.visual.rect.Rect'>, anchor=('center', 'center'), autoDraw=False, autoLog=True, closeShape=True, color=method-wrapper(...), colorSpace='rgb', contrast=None, depth=-7.0, draggable=False, fillColor=array([1, 1, 1]), fillColorSpace='rgb', fillRGB=array([1, 1, 1]), interpolate=True, lineColor=array([1., 1., 1.]), lineColorSpace='rgb', lineRGB=array([1, 1, 1]), lineWidth=1, name='blk7_3', opacity=1, ori=0.0, pos=array([0., 0.]), size=array([0.1, 0.1]), units='height', vertices=ndarray(...), win=Window(...))
10.9743 	EXP 	Created blk8_3 = Rect(__class__=<class 'psychopy.visual.rect.Rect'>, anchor=('center', 'center'), autoDraw=False, autoLog=True, closeShape=True, color=method-wrapper(...), colorSpace='rgb', contrast=None, depth=-8.0, draggable=False, fillColor=array([1, 1, 1]), fillColorSpace='rgb', fillRGB=array([1, 1, 1]), interpolate=True, lineColor=array([1., 1., 1.]), lineColorSpace='rgb', lineRGB=array([1, 1, 1]), lineWidth=1, name='blk8_3', opacity=1, ori=0.0, pos=array([0., 0.]), size=array([0.1, 0.1]), units='height', vertices=ndarray(...), win=Window(...))
10.9749 	EXP 	Created blk9_3 = Rect(__class__=<class 'psychopy.visual.rect.Rect'>, anchor=('center', 'center'), autoDraw=False, autoLog=True, closeShape=True, color=method-wrapper(...), colorSpace='rgb', contrast=None, depth=-9.0, draggable=False, fillColor=array([1, 1, 1]), fillColorSpace='rgb', fillRGB=array([1, 1, 1]), interpolate=True, lineColor=array([1., 1., 1.]), lineColorSpace='rgb', lineRGB=array([1, 1, 1]), lineWidth=1, name='blk9_3', opacity=1, ori=0.0, pos=array([0., 0.]), size=array([0.1, 0.1]), units='height', vertices=ndarray(...), win=Window(...))
10.9755 	EXP 	Created blk1 = Rect(__class__=<class 'psychopy.visual.rect.Rect'>, anchor=('center', 'center'), autoDraw=False, autoLog=True, closeShape=True, color=method-wrapper(...), colorSpace='rgb', contrast=None, depth=0.0, draggable=False, fillColor=array([1, 1, 1]), fillColorSpace='rgb', fillRGB=array([1, 1, 1]), interpolate=True, lineColor=array([1., 1., 1.]), lineColorSpace='rgb', lineRGB=array([1, 1, 1]), lineWidth=1, name='blk1', opacity=1, ori=0.0, pos=array([0., 0.]), size=array([0.1, 0.1]), units='height', vertices=ndarray(...), win=Window(...))
10.9762 	EXP 	Created blk2 = Rect(__class__=<class 'psychopy.visual.rect.Rect'>, anchor=('center', 'center'), autoDraw=False, autoLog=True, closeShape=True, color=method-wrapper(...), colorSpace='rgb', contrast=None, depth=-1.0, draggable=False, fillColor=array([1, 1, 1]), fillColorSpace='rgb', fillRGB=array([1, 1, 1]), interpolate=True, lineColor=array([1., 1., 1.]), lineColorSpace='rgb', lineRGB=array([1, 1, 1]), lineWidth=1, name='blk2', opacity=1, ori=0.0, pos=array([0., 0.]), size=array([0.1, 0.1]), units='height', vertices=ndarray(...), win=Window(...))
10.9768 	EXP 	Created blk3 = Rect(__class__=<class 'psychopy.visual.rect.Rect'>, anchor=('center', 'center'), autoDraw=False, autoLog=True, closeShape=True, color=method-wrapper(...), colorSpace='rgb', contrast=None, depth=-2.0, draggable=False, fillColor=array([1, 1, 1]), fillColorSpace='rgb', fillRGB=array([1, 1, 1]), interpolate=True, lineColor=array([1., 1., 1.]), lineColorSpace='rgb', lineRGB=array([1, 1, 1]), lineWidth=1, name='blk3', opacity=1, ori=0.0, pos=array([0., 0.]), size=array([0.1, 0.1]), units='height', vertices=ndarray(...), win=Window(...))
10.9774 	EXP 	Created blk4 = Rect(__class__=<class 'psychopy.visual.rect.Rect'>, anchor=('center', 'center'), autoDraw=False, autoLog=True, closeShape=True, color=method-wrapper(...), colorSpace='rgb', contrast=None, depth=-3.0, draggable=False, fillColor=array([1, 1, 1]), fillColorSpace='rgb', fillRGB=array([1, 1, 1]), interpolate=True, lineColor=array([1., 1., 1.]), lineColorSpace='rgb', lineRGB=array([1, 1, 1]), lineWidth=1, name='blk4', opacity=1, ori=0.0, pos=array([0., 0.]), size=array([0.1, 0.1]), units='height', vertices=ndarray(...), win=Window(...))
10.9780 	EXP 	Created blk5 = Rect(__class__=<class 'psychopy.visual.rect.Rect'>, anchor=('center', 'center'), autoDraw=False, autoLog=True, closeShape=True, color=method-wrapper(...), colorSpace='rgb', contrast=None, depth=-4.0, draggable=False, fillColor=array([1, 1, 1]), fillColorSpace='rgb', fillRGB=array([1, 1, 1]), interpolate=True, lineColor=array([1., 1., 1.]), lineColorSpace='rgb', lineRGB=array([1, 1, 1]), lineWidth=1, name='blk5', opacity=1, ori=0.0, pos=array([0., 0.]), size=array([0.1, 0.1]), units='height', vertices=ndarray(...), win=Window(...))
10.9785 	EXP 	Created blk6 = Rect(__class__=<class 'psychopy.visual.rect.Rect'>, anchor=('center', 'center'), autoDraw=False, autoLog=True, closeShape=True, color=method-wrapper(...), colorSpace='rgb', contrast=None, depth=-5.0, draggable=False, fillColor=array([1, 1, 1]), fillColorSpace='rgb', fillRGB=array([1, 1, 1]), interpolate=True, lineColor=array([1., 1., 1.]), lineColorSpace='rgb', lineRGB=array([1, 1, 1]), lineWidth=1, name='blk6', opacity=1, ori=0.0, pos=array([0., 0.]), size=array([0.1, 0.1]), units='height', vertices=ndarray(...), win=Window(...))
10.9791 	EXP 	Created blk7 = Rect(__class__=<class 'psychopy.visual.rect.Rect'>, anchor=('center', 'center'), autoDraw=False, autoLog=True, closeShape=True, color=method-wrapper(...), colorSpace='rgb', contrast=None, depth=-6.0, draggable=False, fillColor=array([1, 1, 1]), fillColorSpace='rgb', fillRGB=array([1, 1, 1]), interpolate=True, lineColor=array([1., 1., 1.]), lineColorSpace='rgb', lineRGB=array([1, 1, 1]), lineWidth=1, name='blk7', opacity=1, ori=0.0, pos=array([0., 0.]), size=array([0.1, 0.1]), units='height', vertices=ndarray(...), win=Window(...))
10.9797 	EXP 	Created blk8 = Rect(__class__=<class 'psychopy.visual.rect.Rect'>, anchor=('center', 'center'), autoDraw=False, autoLog=True, closeShape=True, color=method-wrapper(...), colorSpace='rgb', contrast=None, depth=-7.0, draggable=False, fillColor=array([1, 1, 1]), fillColorSpace='rgb', fillRGB=array([1, 1, 1]), interpolate=True, lineColor=array([1., 1., 1.]), lineColorSpace='rgb', lineRGB=array([1, 1, 1]), lineWidth=1, name='blk8', opacity=1, ori=0.0, pos=array([0., 0.]), size=array([0.1, 0.1]), units='height', vertices=ndarray(...), win=Window(...))
10.9803 	EXP 	Created blk9 = Rect(__class__=<class 'psychopy.visual.rect.Rect'>, anchor=('center', 'center'), autoDraw=False, autoLog=True, closeShape=True, color=method-wrapper(...), colorSpace='rgb', contrast=None, depth=-8.0, draggable=False, fillColor=array([1, 1, 1]), fillColorSpace='rgb', fillRGB=array([1, 1, 1]), interpolate=True, lineColor=array([1., 1., 1.]), lineColorSpace='rgb', lineRGB=array([1, 1, 1]), lineWidth=1, name='blk9', opacity=1, ori=0.0, pos=array([0., 0.]), size=array([0.1, 0.1]), units='height', vertices=ndarray(...), win=Window(...))
11.0091 	EXP 	Created fbtxt = TextStim(__class__=<class 'psychopy.visual.text.TextStim'>, alignHoriz=method-wrapper(...), alignText='center', alignVert=method-wrapper(...), anchorHoriz='center', anchorVert='center', antialias=True, autoDraw=False, autoLog=True, bold=False, color=array([1., 1., 1.]), colorSpace='rgb', contrast=1.0, depth=-1.0, draggable=False, flipHoriz=False, flipVert=False, font='Arial', fontFiles=[], height=0.05, italic=False, languageStyle='LTR', name='fbtxt', opacity=1, ori=0.0, pos=array([0., 0.]), rgb=UNKNOWN, text='', units='height', win=Window(...), wrapWidth=1)
11.0099 	EXP 	Created text_2 = TextStim(__class__=<class 'psychopy.visual.text.TextStim'>, alignHoriz=method-wrapper(...), alignText='center', alignVert=method-wrapper(...), anchorHoriz='center', anchorVert='center', antialias=True, autoDraw=False, autoLog=True, bold=False, color=array([1., 1., 1.]), colorSpace='rgb', contrast=1.0, depth=0.0, draggable=False, flipHoriz=False, flipVert=False, font='Arial', fontFiles=[], height=0.05, italic=False, languageStyle='LTR', name='text_2', opacity=1, ori=0.0, pos=array([0., 0.]), rgb=UNKNOWN, text='', units='height', win=Window(...), wrapWidth=1)
0.0036 	EXP 	submit_button: autoLog = True
0.0067 	EXP 	text: autoDraw = True
0.4996 	DATA 	Keypress: lalt
0.5029 	EXP 	New trial (rep=0, index=0): <Trial 0 (0 in rep 0) data={'thisN': 0, 'thisTrialN': 0, 'thisRepN': 0}>
0.5124 	EXP 	text: autoDraw = False
0.5124 	EXP 	blk1_3: foreColor = <psychopy.colors.Color: white, alpha=1.0>
0.5124 	EXP 	blk1_3: borderColor = <psychopy.colors.Color: white, alpha=1.0>
0.5124 	EXP 	blk1_3: fillColor = <psychopy.colors.Color: white, alpha=1.0>
0.5124 	EXP 	blk1: foreColor = <psychopy.colors.Color: white, alpha=1.0>
0.5124 	EXP 	blk1: borderColor = <psychopy.colors.Color: white, alpha=1.0>
0.5124 	EXP 	blk1: fillColor = <psychopy.colors.Color: white, alpha=1.0>
0.5124 	EXP 	blk2_3: foreColor = <psychopy.colors.Color: white, alpha=1.0>
0.5124 	EXP 	blk2_3: borderColor = <psychopy.colors.Color: white, alpha=1.0>
0.5124 	EXP 	blk2_3: fillColor = <psychopy.colors.Color: white, alpha=1.0>
0.5124 	EXP 	blk2: foreColor = <psychopy.colors.Color: white, alpha=1.0>
0.5124 	EXP 	blk2: borderColor = <psychopy.colors.Color: white, alpha=1.0>
0.5124 	EXP 	blk2: fillColor = <psychopy.colors.Color: white, alpha=1.0>
0.5124 	EXP 	blk3_3: foreColor = <psychopy.colors.Color: white, alpha=1.0>
0.5124 	EXP 	blk3_3: borderColor = <psychopy.colors.Color: white, alpha=1.0>
0.5124 	EXP 	blk3_3: fillColor = <psychopy.colors.Color: white, alpha=1.0>
0.5124 	EXP 	blk3: foreColor = <psychopy.colors.Color: white, alpha=1.0>
0.5124 	EXP 	blk3: borderColor = <psychopy.colors.Color: white, alpha=1.0>
0.5124 	EXP 	blk3: fillColor = <psychopy.colors.Color: white, alpha=1.0>
0.5124 	EXP 	blank: autoDraw = True
0.9968 	EXP 	New trial (rep=0, index=0): <Trial 0 (0 in rep 0) data={'thisN': 0, 'thisTrialN': 0, 'thisRepN': 0}>
1.0125 	EXP 	blank: autoDraw = False
1.0125 	EXP 	blank: autoDraw = False
1.0125 	EXP 	blk1_3: fillColor = [1, 0, 0]
1.0125 	EXP 	blk1_3: autoDraw = True
1.0125 	EXP 	blk2_3: autoDraw = True
1.0125 	EXP 	blk3_3: autoDraw = True
1.0125 	EXP 	blk4_3: autoDraw = True
1.0125 	EXP 	blk5_3: autoDraw = True
1.0125 	EXP 	blk6_3: autoDraw = True
1.0125 	EXP 	blk7_3: autoDraw = True
1.0125 	EXP 	blk8_3: autoDraw = True
1.0125 	EXP 	blk9_3: autoDraw = True
1.5007 	EXP 	New trial (rep=1, index=0): <Trial 1 (0 in rep 1) data={'thisN': 1, 'thisTrialN': 0, 'thisRepN': 1}>
1.5170 	EXP 	blk1_3: autoDraw = False
1.5170 	EXP 	blk2_3: autoDraw = False
1.5170 	EXP 	blk3_3: autoDraw = False
1.5170 	EXP 	blk4_3: autoDraw = False
1.5170 	EXP 	blk5_3: autoDraw = False
1.5170 	EXP 	blk6_3: autoDraw = False
1.5170 	EXP 	blk7_3: autoDraw = False
1.5170 	EXP 	blk8_3: autoDraw = False
1.5170 	EXP 	blk9_3: autoDraw = False
1.5170 	EXP 	blk1_3: autoDraw = False
1.5170 	EXP 	blk2_3: autoDraw = False
1.5170 	EXP 	blk3_3: autoDraw = False
1.5170 	EXP 	blk4_3: autoDraw = False
1.5170 	EXP 	blk5_3: autoDraw = False
1.5170 	EXP 	blk6_3: autoDraw = False
1.5170 	EXP 	blk7_3: autoDraw = False
1.5170 	EXP 	blk8_3: autoDraw = False
1.5170 	EXP 	blk9_3: autoDraw = False
1.5170 	EXP 	blk1_3: fillColor = [1, 1, 1]
1.5170 	EXP 	blk2_3: fillColor = [1, 0, 0]
1.5170 	EXP 	blk1_3: autoDraw = True
1.5170 	EXP 	blk2_3: autoDraw = True
1.5170 	EXP 	blk3_3: autoDraw = True
1.5170 	EXP 	blk4_3: autoDraw = True
1.5170 	EXP 	blk5_3: autoDraw = True
1.5170 	EXP 	blk6_3: autoDraw = True
1.5170 	EXP 	blk7_3: autoDraw = True
1.5170 	EXP 	blk8_3: autoDraw = True
1.5170 	EXP 	blk9_3: autoDraw = True
2.0002 	EXP 	New trial (rep=2, index=0): <Trial 2 (0 in rep 2) data={'thisN': 2, 'thisTrialN': 0, 'thisRepN': 2}>
2.0170 	EXP 	blk1_3: autoDraw = False
2.0170 	EXP 	blk2_3: autoDraw = False
2.0170 	EXP 	blk3_3: autoDraw = False
2.0170 	EXP 	blk4_3: autoDraw = False
2.0170 	EXP 	blk5_3: autoDraw = False
2.0170 	EXP 	blk6_3: autoDraw = False
2.0170 	EXP 	blk7_3: autoDraw = False
2.0170 	EXP 	blk8_3: autoDraw = False
2.0170 	EXP 	blk9_3: autoDraw = False
2.0170 	EXP 	blk1_3: autoDraw = False
2.0170 	EXP 	blk2_3: autoDraw = False
2.0170 	EXP 	blk3_3: autoDraw = False
2.0170 	EXP 	blk4_3: autoDraw = False
2.0170 	EXP 	blk5_3: autoDraw = False
2.0170 	EXP 	blk6_3: autoDraw = False
2.0170 	EXP 	blk7_3: autoDraw = False
2.0170 	EXP 	blk8_3: autoDraw = False
2.0170 	EXP 	blk9_3: autoDraw = False
2.0170 	EXP 	blk2_3: fillColor = [1, 1, 1]
2.0170 	EXP 	blk3_3: fillColor = [1, 0, 0]
2.0170 	EXP 	blk1_3: autoDraw = True
2.0170 	EXP 	blk2_3: autoDraw = True
2.0170 	EXP 	blk3_3: autoDraw = True
2.0170 	EXP 	blk4_3: autoDraw = True
2.0170 	EXP 	blk5_3: autoDraw = True
2.0170 	EXP 	blk6_3: autoDraw = True
2.0170 	EXP 	blk7_3: autoDraw = True
2.0170 	EXP 	blk8_3: autoDraw = True
2.0170 	EXP 	blk9_3: autoDraw = True
2.5402 	EXP 	blk1_3: autoDraw = False
2.5402 	EXP 	blk2_3: autoDraw = False
2.5402 	EXP 	blk3_3: autoDraw = False
2.5402 	EXP 	blk4_3: autoDraw = False
2.5402 	EXP 	blk5_3: autoDraw = False
2.5402 	EXP 	blk6_3: autoDraw = False
2.5402 	EXP 	blk7_3: autoDraw = False
2.5402 	EXP 	blk8_3: autoDraw = False
2.5402 	EXP 	blk9_3: autoDraw = False
2.5402 	EXP 	blk1_3: autoDraw = False
2.5402 	EXP 	blk2_3: autoDraw = False
2.5402 	EXP 	blk3_3: autoDraw = False
2.5402 	EXP 	blk4_3: autoDraw = False
2.5402 	EXP 	blk5_3: autoDraw = False
2.5402 	EXP 	blk6_3: autoDraw = False
2.5402 	EXP 	blk7_3: autoDraw = False
2.5402 	EXP 	blk8_3: autoDraw = False
2.5402 	EXP 	blk9_3: autoDraw = False
2.5402 	EXP 	blk3_3: fillColor = [1, 1, 1]
2.5402 	EXP 	blk1: autoDraw = True
2.5402 	EXP 	blk2: autoDraw = True
2.5402 	EXP 	blk3: autoDraw = True
2.5402 	EXP 	blk4: autoDraw = True
2.5402 	EXP 	blk5: autoDraw = True
2.5402 	EXP 	blk6: autoDraw = True
2.5402 	EXP 	blk7: autoDraw = True
2.5402 	EXP 	blk8: autoDraw = True
2.5402 	EXP 	blk9: autoDraw = True
6.2208 	DATA 	Mouse: Left button down, pos=(688,746)
6.2288 	EXP 	blk9: fillColor = [1, 0, 0]
6.2455 	EXP 	blk9: fillColor = [1, 0, 0]
6.2624 	EXP 	blk9: fillColor = [1, 0, 0]
6.2790 	EXP 	blk9: fillColor = [1, 0, 0]
6.2957 	EXP 	blk9: fillColor = [1, 0, 0]
6.3123 	EXP 	blk9: fillColor = [1, 0, 0]
6.3291 	EXP 	blk9: fillColor = [1, 0, 0]
6.3456 	EXP 	blk9: fillColor = [1, 0, 0]
6.3623 	EXP 	blk9: fillColor = [1, 0, 0]
6.3790 	EXP 	blk9: fillColor = [1, 0, 0]
6.3960 	EXP 	blk9: fillColor = [1, 0, 0]
6.4125 	EXP 	blk9: fillColor = [1, 0, 0]
6.4291 	EXP 	blk9: fillColor = [1, 0, 0]
6.4302 	DATA 	Mouse:  Left button up, pos=(688,746)
7.3134 	DATA 	Mouse: Left button down, pos=(947,762)
7.3292 	EXP 	blk7: fillColor = [1, 0, 0]
7.3456 	EXP 	blk7: fillColor = [1, 0, 0]
7.3623 	EXP 	blk7: fillColor = [1, 0, 0]
7.3790 	EXP 	blk7: fillColor = [1, 0, 0]
7.3956 	EXP 	blk7: fillColor = [1, 0, 0]
7.4123 	EXP 	blk7: fillColor = [1, 0, 0]
7.4288 	EXP 	blk7: fillColor = [1, 0, 0]
7.4455 	EXP 	blk7: fillColor = [1, 0, 0]
7.4622 	EXP 	blk7: fillColor = [1, 0, 0]
7.4790 	EXP 	blk7: fillColor = [1, 0, 0]
7.4958 	EXP 	blk7: fillColor = [1, 0, 0]
7.5123 	EXP 	blk7: fillColor = [1, 0, 0]
7.5289 	EXP 	blk7: fillColor = [1, 0, 0]
7.5294 	DATA 	Mouse:  Left button up, pos=(947,762)
8.1465 	DATA 	Mouse: Left button down, pos=(1228,621)
8.1624 	EXP 	blk5: fillColor = [1, 0, 0]
8.1624 	EXP 	submit_button: autoDraw = True
8.1791 	EXP 	blk5: fillColor = [1, 0, 0]
8.1957 	EXP 	blk5: fillColor = [1, 0, 0]
8.2122 	EXP 	blk5: fillColor = [1, 0, 0]
8.2289 	EXP 	blk5: fillColor = [1, 0, 0]
8.2459 	EXP 	blk5: fillColor = [1, 0, 0]
8.2623 	EXP 	blk5: fillColor = [1, 0, 0]
8.2791 	EXP 	blk5: fillColor = [1, 0, 0]
8.2958 	EXP 	blk5: fillColor = [1, 0, 0]
8.3122 	EXP 	blk5: fillColor = [1, 0, 0]
8.3289 	EXP 	blk5: fillColor = [1, 0, 0]
8.3455 	EXP 	blk5: fillColor = [1, 0, 0]
8.3623 	EXP 	blk5: fillColor = [1, 0, 0]
8.3628 	DATA 	Mouse:  Left button up, pos=(1228,621)
9.1134 	DATA 	Mouse: Left button down, pos=(1483,106)
9.1290 	EXP 	blk1: autoDraw = False
9.1290 	EXP 	blk2: autoDraw = False
9.1290 	EXP 	blk3: autoDraw = False
9.1290 	EXP 	blk4: autoDraw = False
9.1290 	EXP 	blk5: autoDraw = False
9.1290 	EXP 	blk6: autoDraw = False
9.1290 	EXP 	blk7: autoDraw = False
9.1290 	EXP 	blk8: autoDraw = False
9.1290 	EXP 	blk9: autoDraw = False
9.1290 	EXP 	submit_button: autoDraw = False
9.1290 	EXP 	fbtxt: foreColor = <psychopy.colors.Color: red, alpha=1.0>
9.1290 	EXP 	fbtxt: height = 0.05
9.1290 	EXP 	fbtxt: height = 0.05
9.1290 	EXP 	fbtxt: height = 0.05
9.1290 	EXP 	fbtxt: text = 'Incorrect!'
9.1290 	EXP 	blk1: fillColor = [1, 1, 1]
9.1290 	EXP 	blk2: fillColor = [1, 1, 1]
9.1290 	EXP 	blk3: fillColor = [1, 1, 1]
9.1290 	EXP 	blk4: fillColor = [1, 1, 1]
9.1290 	EXP 	blk5: fillColor = [1, 1, 1]
9.1290 	EXP 	blk6: fillColor = [1, 1, 1]
9.1290 	EXP 	blk7: fillColor = [1, 1, 1]
9.1290 	EXP 	blk8: fillColor = [1, 1, 1]
9.1290 	EXP 	blk9: fillColor = [1, 1, 1]
9.1290 	EXP 	blk1_3: fillColor = [1, 1, 1]
9.1290 	EXP 	blk2_3: fillColor = [1, 1, 1]
9.1290 	EXP 	blk3_3: fillColor = [1, 1, 1]
9.1290 	EXP 	blk4_3: fillColor = [1, 1, 1]
9.1290 	EXP 	blk5_3: fillColor = [1, 1, 1]
9.1290 	EXP 	blk6_3: fillColor = [1, 1, 1]
9.1290 	EXP 	blk7_3: fillColor = [1, 1, 1]
9.1290 	EXP 	blk8_3: fillColor = [1, 1, 1]
9.1290 	EXP 	blk9_3: fillColor = [1, 1, 1]
9.1290 	EXP 	fbtxt: autoDraw = True
9.3470 	DATA 	Mouse:  Left button up, pos=(1483,106)
10.1129 	EXP 	New trial (rep=1, index=0): <Trial 1 (0 in rep 1) data={'thisN': 1, 'thisTrialN': 0, 'thisRepN': 1}>
10.1289 	EXP 	fbtxt: autoDraw = False
10.1289 	EXP 	fbtxt: autoDraw = False
10.1289 	EXP 	blk1_3: foreColor = <psychopy.colors.Color: white, alpha=1.0>
10.1289 	EXP 	blk1_3: borderColor = <psychopy.colors.Color: white, alpha=1.0>
10.1289 	EXP 	blk1_3: fillColor = <psychopy.colors.Color: white, alpha=1.0>
10.1289 	EXP 	blk1: foreColor = <psychopy.colors.Color: white, alpha=1.0>
10.1289 	EXP 	blk1: borderColor = <psychopy.colors.Color: white, alpha=1.0>
10.1289 	EXP 	blk1: fillColor = <psychopy.colors.Color: white, alpha=1.0>
10.1289 	EXP 	blk2_3: foreColor = <psychopy.colors.Color: white, alpha=1.0>
10.1289 	EXP 	blk2_3: borderColor = <psychopy.colors.Color: white, alpha=1.0>
10.1289 	EXP 	blk2_3: fillColor = <psychopy.colors.Color: white, alpha=1.0>
10.1289 	EXP 	blk2: foreColor = <psychopy.colors.Color: white, alpha=1.0>
10.1289 	EXP 	blk2: borderColor = <psychopy.colors.Color: white, alpha=1.0>
10.1289 	EXP 	blk2: fillColor = <psychopy.colors.Color: white, alpha=1.0>
10.1289 	EXP 	blk3_3: foreColor = <psychopy.colors.Color: white, alpha=1.0>
10.1289 	EXP 	blk3_3: borderColor = <psychopy.colors.Color: white, alpha=1.0>
10.1289 	EXP 	blk3_3: fillColor = <psychopy.colors.Color: white, alpha=1.0>
10.1289 	EXP 	blk3: foreColor = <psychopy.colors.Color: white, alpha=1.0>
10.1289 	EXP 	blk3: borderColor = <psychopy.colors.Color: white, alpha=1.0>
10.1289 	EXP 	blk3: fillColor = <psychopy.colors.Color: white, alpha=1.0>
10.1289 	EXP 	blank: autoDraw = True
10.6132 	EXP 	New trial (rep=0, index=0): <Trial 0 (0 in rep 0) data={'thisN': 0, 'thisTrialN': 0, 'thisRepN': 0}>
10.6290 	EXP 	blank: autoDraw = False
10.6290 	EXP 	blank: autoDraw = False
10.6290 	EXP 	blk1_3: fillColor = [1, 0, 0]
10.6290 	EXP 	blk1_3: autoDraw = True
10.6290 	EXP 	blk2_3: autoDraw = True
10.6290 	EXP 	blk3_3: autoDraw = True
10.6290 	EXP 	blk4_3: autoDraw = True
10.6290 	EXP 	blk5_3: autoDraw = True
10.6290 	EXP 	blk6_3: autoDraw = True
10.6290 	EXP 	blk7_3: autoDraw = True
10.6290 	EXP 	blk8_3: autoDraw = True
10.6290 	EXP 	blk9_3: autoDraw = True
11.1131 	EXP 	New trial (rep=1, index=0): <Trial 1 (0 in rep 1) data={'thisN': 1, 'thisTrialN': 0, 'thisRepN': 1}>
11.1290 	EXP 	blk1_3: autoDraw = False
11.1290 	EXP 	blk2_3: autoDraw = False
11.1290 	EXP 	blk3_3: autoDraw = False
11.1290 	EXP 	blk4_3: autoDraw = False
11.1290 	EXP 	blk5_3: autoDraw = False
11.1290 	EXP 	blk6_3: autoDraw = False
11.1290 	EXP 	blk7_3: autoDraw = False
11.1290 	EXP 	blk8_3: autoDraw = False
11.1290 	EXP 	blk9_3: autoDraw = False
11.1290 	EXP 	blk1_3: autoDraw = False
11.1290 	EXP 	blk2_3: autoDraw = False
11.1290 	EXP 	blk3_3: autoDraw = False
11.1290 	EXP 	blk4_3: autoDraw = False
11.1290 	EXP 	blk5_3: autoDraw = False
11.1290 	EXP 	blk6_3: autoDraw = False
11.1290 	EXP 	blk7_3: autoDraw = False
11.1290 	EXP 	blk8_3: autoDraw = False
11.1290 	EXP 	blk9_3: autoDraw = False
11.1290 	EXP 	blk1_3: fillColor = [1, 1, 1]
11.1290 	EXP 	blk2_3: fillColor = [1, 0, 0]
11.1290 	EXP 	blk1_3: autoDraw = True
11.1290 	EXP 	blk2_3: autoDraw = True
11.1290 	EXP 	blk3_3: autoDraw = True
11.1290 	EXP 	blk4_3: autoDraw = True
11.1290 	EXP 	blk5_3: autoDraw = True
11.1290 	EXP 	blk6_3: autoDraw = True
11.1290 	EXP 	blk7_3: autoDraw = True
11.1290 	EXP 	blk8_3: autoDraw = True
11.1290 	EXP 	blk9_3: autoDraw = True
11.6133 	EXP 	New trial (rep=2, index=0): <Trial 2 (0 in rep 2) data={'thisN': 2, 'thisTrialN': 0, 'thisRepN': 2}>
11.6289 	EXP 	blk1_3: autoDraw = False
11.6289 	EXP 	blk2_3: autoDraw = False
11.6289 	EXP 	blk3_3: autoDraw = False
11.6289 	EXP 	blk4_3: autoDraw = False
11.6289 	EXP 	blk5_3: autoDraw = False
11.6289 	EXP 	blk6_3: autoDraw = False
11.6289 	EXP 	blk7_3: autoDraw = False
11.6289 	EXP 	blk8_3: autoDraw = False
11.6289 	EXP 	blk9_3: autoDraw = False
11.6289 	EXP 	blk1_3: autoDraw = False
11.6289 	EXP 	blk2_3: autoDraw = False
11.6289 	EXP 	blk3_3: autoDraw = False
11.6289 	EXP 	blk4_3: autoDraw = False
11.6289 	EXP 	blk5_3: autoDraw = False
11.6289 	EXP 	blk6_3: autoDraw = False
11.6289 	EXP 	blk7_3: autoDraw = False
11.6289 	EXP 	blk8_3: autoDraw = False
11.6289 	EXP 	blk9_3: autoDraw = False
11.6289 	EXP 	blk2_3: fillColor = [1, 1, 1]
11.6289 	EXP 	blk3_3: fillColor = [1, 0, 0]
11.6289 	EXP 	blk1_3: autoDraw = True
11.6289 	EXP 	blk2_3: autoDraw = True
11.6289 	EXP 	blk3_3: autoDraw = True
11.6289 	EXP 	blk4_3: autoDraw = True
11.6289 	EXP 	blk5_3: autoDraw = True
11.6289 	EXP 	blk6_3: autoDraw = True
11.6289 	EXP 	blk7_3: autoDraw = True
11.6289 	EXP 	blk8_3: autoDraw = True
11.6289 	EXP 	blk9_3: autoDraw = True
12.1499 	EXP 	blk1_3: autoDraw = False
12.1499 	EXP 	blk2_3: autoDraw = False
12.1499 	EXP 	blk3_3: autoDraw = False
12.1499 	EXP 	blk4_3: autoDraw = False
12.1499 	EXP 	blk5_3: autoDraw = False
12.1499 	EXP 	blk6_3: autoDraw = False
12.1499 	EXP 	blk7_3: autoDraw = False
12.1499 	EXP 	blk8_3: autoDraw = False
12.1499 	EXP 	blk9_3: autoDraw = False
12.1499 	EXP 	blk1_3: autoDraw = False
12.1499 	EXP 	blk2_3: autoDraw = False
12.1499 	EXP 	blk3_3: autoDraw = False
12.1499 	EXP 	blk4_3: autoDraw = False
12.1499 	EXP 	blk5_3: autoDraw = False
12.1499 	EXP 	blk6_3: autoDraw = False
12.1499 	EXP 	blk7_3: autoDraw = False
12.1499 	EXP 	blk8_3: autoDraw = False
12.1499 	EXP 	blk9_3: autoDraw = False
12.1499 	EXP 	blk3_3: fillColor = [1, 1, 1]
12.1499 	EXP 	blk1: autoDraw = True
12.1499 	EXP 	blk2: autoDraw = True
12.1499 	EXP 	blk3: autoDraw = True
12.1499 	EXP 	blk4: autoDraw = True
12.1499 	EXP 	blk5: autoDraw = True
12.1499 	EXP 	blk6: autoDraw = True
12.1499 	EXP 	blk7: autoDraw = True
12.1499 	EXP 	blk8: autoDraw = True
12.1499 	EXP 	blk9: autoDraw = True
12.5128 	DATA 	Mouse: Left button down, pos=(1059,467)
12.5290 	EXP 	blk1: fillColor = [1, 0, 0]
12.5457 	EXP 	blk1: fillColor = [1, 0, 0]
12.5623 	EXP 	blk1: fillColor = [1, 0, 0]
12.5789 	EXP 	blk1: fillColor = [1, 0, 0]
12.5956 	EXP 	blk1: fillColor = [1, 0, 0]
12.6123 	EXP 	blk1: fillColor = [1, 0, 0]
12.6291 	EXP 	blk1: fillColor = [1, 0, 0]
12.6457 	EXP 	blk1: fillColor = [1, 0, 0]
12.6624 	EXP 	blk1: fillColor = [1, 0, 0]
12.6789 	EXP 	blk1: fillColor = [1, 0, 0]
12.6956 	EXP 	blk1: fillColor = [1, 0, 0]
12.7121 	EXP 	blk1: fillColor = [1, 0, 0]
12.7287 	EXP 	blk1: fillColor = [1, 0, 0]
12.7297 	DATA 	Mouse:  Left button up, pos=(1059,467)
12.7456 	EXP 	blk1: fillColor = [1, 0, 0]
13.3633 	DATA 	Mouse: Left button down, pos=(1131,988)
13.3790 	EXP 	blk3: fillColor = [1, 0, 0]
13.3957 	EXP 	blk3: fillColor = [1, 0, 0]
13.4122 	EXP 	blk3: fillColor = [1, 0, 0]
13.4290 	EXP 	blk3: fillColor = [1, 0, 0]
13.4457 	EXP 	blk3: fillColor = [1, 0, 0]
13.4622 	EXP 	blk3: fillColor = [1, 0, 0]
13.4789 	EXP 	blk3: fillColor = [1, 0, 0]
13.4956 	EXP 	blk3: fillColor = [1, 0, 0]
13.5121 	EXP 	blk3: fillColor = [1, 0, 0]
13.5288 	EXP 	blk3: fillColor = [1, 0, 0]
13.5456 	EXP 	blk3: fillColor = [1, 0, 0]
13.5622 	EXP 	blk3: fillColor = [1, 0, 0]
13.5788 	EXP 	blk3: fillColor = [1, 0, 0]
13.5957 	EXP 	blk3: fillColor = [1, 0, 0]
13.5962 	DATA 	Mouse:  Left button up, pos=(1131,988)
14.3133 	DATA 	Mouse: Left button down, pos=(1453,735)
14.3288 	EXP 	blk7: fillColor = [1, 0, 0]
14.3288 	EXP 	submit_button: autoDraw = True
14.3458 	EXP 	blk7: fillColor = [1, 0, 0]
14.3623 	EXP 	blk7: fillColor = [1, 0, 0]
14.3789 	EXP 	blk7: fillColor = [1, 0, 0]
14.3956 	EXP 	blk7: fillColor = [1, 0, 0]
14.4123 	EXP 	blk7: fillColor = [1, 0, 0]
14.4290 	EXP 	blk7: fillColor = [1, 0, 0]
14.4455 	EXP 	blk7: fillColor = [1, 0, 0]
14.4622 	EXP 	blk7: fillColor = [1, 0, 0]
14.4788 	EXP 	blk7: fillColor = [1, 0, 0]
14.4955 	EXP 	blk7: fillColor = [1, 0, 0]
14.5121 	EXP 	blk7: fillColor = [1, 0, 0]
14.5291 	EXP 	blk7: fillColor = [1, 0, 0]
14.5296 	DATA 	Mouse:  Left button up, pos=(1453,735)
15.1631 	DATA 	Mouse: Left button down, pos=(1461,106)
15.1788 	EXP 	blk1: autoDraw = False
15.1788 	EXP 	blk2: autoDraw = False
15.1788 	EXP 	blk3: autoDraw = False
15.1788 	EXP 	blk4: autoDraw = False
15.1788 	EXP 	blk5: autoDraw = False
15.1788 	EXP 	blk6: autoDraw = False
15.1788 	EXP 	blk7: autoDraw = False
15.1788 	EXP 	blk8: autoDraw = False
15.1788 	EXP 	blk9: autoDraw = False
15.1788 	EXP 	submit_button: autoDraw = False
15.1788 	EXP 	fbtxt: foreColor = <psychopy.colors.Color: red, alpha=1.0>
15.1788 	EXP 	fbtxt: text = 'Incorrect!'
15.1788 	EXP 	blk1: fillColor = [1, 1, 1]
15.1788 	EXP 	blk2: fillColor = [1, 1, 1]
15.1788 	EXP 	blk3: fillColor = [1, 1, 1]
15.1788 	EXP 	blk4: fillColor = [1, 1, 1]
15.1788 	EXP 	blk5: fillColor = [1, 1, 1]
15.1788 	EXP 	blk6: fillColor = [1, 1, 1]
15.1788 	EXP 	blk7: fillColor = [1, 1, 1]
15.1788 	EXP 	blk8: fillColor = [1, 1, 1]
15.1788 	EXP 	blk9: fillColor = [1, 1, 1]
15.1788 	EXP 	blk1_3: fillColor = [1, 1, 1]
15.1788 	EXP 	blk2_3: fillColor = [1, 1, 1]
15.1788 	EXP 	blk3_3: fillColor = [1, 1, 1]
15.1788 	EXP 	blk4_3: fillColor = [1, 1, 1]
15.1788 	EXP 	blk5_3: fillColor = [1, 1, 1]
15.1788 	EXP 	blk6_3: fillColor = [1, 1, 1]
15.1788 	EXP 	blk7_3: fillColor = [1, 1, 1]
15.1788 	EXP 	blk8_3: fillColor = [1, 1, 1]
15.1788 	EXP 	blk9_3: fillColor = [1, 1, 1]
15.1788 	EXP 	fbtxt: autoDraw = True
15.3972 	DATA 	Mouse:  Left button up, pos=(1461,106)
16.1628 	EXP 	New trial (rep=2, index=0): <Trial 2 (0 in rep 2) data={'thisN': 2, 'thisTrialN': 0, 'thisRepN': 2}>
16.1788 	EXP 	fbtxt: autoDraw = False
16.1788 	EXP 	fbtxt: autoDraw = False
16.1788 	EXP 	blk1_3: foreColor = <psychopy.colors.Color: white, alpha=1.0>
16.1788 	EXP 	blk1_3: borderColor = <psychopy.colors.Color: white, alpha=1.0>
16.1788 	EXP 	blk1_3: fillColor = <psychopy.colors.Color: white, alpha=1.0>
16.1788 	EXP 	blk1: foreColor = <psychopy.colors.Color: white, alpha=1.0>
16.1788 	EXP 	blk1: borderColor = <psychopy.colors.Color: white, alpha=1.0>
16.1788 	EXP 	blk1: fillColor = <psychopy.colors.Color: white, alpha=1.0>
16.1788 	EXP 	blk2_3: foreColor = <psychopy.colors.Color: white, alpha=1.0>
16.1788 	EXP 	blk2_3: borderColor = <psychopy.colors.Color: white, alpha=1.0>
16.1788 	EXP 	blk2_3: fillColor = <psychopy.colors.Color: white, alpha=1.0>
16.1788 	EXP 	blk2: foreColor = <psychopy.colors.Color: white, alpha=1.0>
16.1788 	EXP 	blk2: borderColor = <psychopy.colors.Color: white, alpha=1.0>
16.1788 	EXP 	blk2: fillColor = <psychopy.colors.Color: white, alpha=1.0>
16.1788 	EXP 	blk3_3: foreColor = <psychopy.colors.Color: white, alpha=1.0>
16.1788 	EXP 	blk3_3: borderColor = <psychopy.colors.Color: white, alpha=1.0>
16.1788 	EXP 	blk3_3: fillColor = <psychopy.colors.Color: white, alpha=1.0>
16.1788 	EXP 	blk3: foreColor = <psychopy.colors.Color: white, alpha=1.0>
16.1788 	EXP 	blk3: borderColor = <psychopy.colors.Color: white, alpha=1.0>
16.1788 	EXP 	blk3: fillColor = <psychopy.colors.Color: white, alpha=1.0>
16.1788 	EXP 	blank: autoDraw = True
16.6629 	EXP 	New trial (rep=0, index=0): <Trial 0 (0 in rep 0) data={'thisN': 0, 'thisTrialN': 0, 'thisRepN': 0}>
16.6789 	EXP 	blank: autoDraw = False
16.6789 	EXP 	blank: autoDraw = False
16.6789 	EXP 	blk1_3: fillColor = [1, 0, 0]
16.6789 	EXP 	blk1_3: autoDraw = True
16.6789 	EXP 	blk2_3: autoDraw = True
16.6789 	EXP 	blk3_3: autoDraw = True
16.6789 	EXP 	blk4_3: autoDraw = True
16.6789 	EXP 	blk5_3: autoDraw = True
16.6789 	EXP 	blk6_3: autoDraw = True
16.6789 	EXP 	blk7_3: autoDraw = True
16.6789 	EXP 	blk8_3: autoDraw = True
16.6789 	EXP 	blk9_3: autoDraw = True
17.1634 	EXP 	New trial (rep=1, index=0): <Trial 1 (0 in rep 1) data={'thisN': 1, 'thisTrialN': 0, 'thisRepN': 1}>
17.1788 	EXP 	blk1_3: autoDraw = False
17.1788 	EXP 	blk2_3: autoDraw = False
17.1788 	EXP 	blk3_3: autoDraw = False
17.1788 	EXP 	blk4_3: autoDraw = False
17.1788 	EXP 	blk5_3: autoDraw = False
17.1788 	EXP 	blk6_3: autoDraw = False
17.1788 	EXP 	blk7_3: autoDraw = False
17.1788 	EXP 	blk8_3: autoDraw = False
17.1788 	EXP 	blk9_3: autoDraw = False
17.1788 	EXP 	blk1_3: autoDraw = False
17.1788 	EXP 	blk2_3: autoDraw = False
17.1788 	EXP 	blk3_3: autoDraw = False
17.1788 	EXP 	blk4_3: autoDraw = False
17.1788 	EXP 	blk5_3: autoDraw = False
17.1788 	EXP 	blk6_3: autoDraw = False
17.1788 	EXP 	blk7_3: autoDraw = False
17.1788 	EXP 	blk8_3: autoDraw = False
17.1788 	EXP 	blk9_3: autoDraw = False
17.1788 	EXP 	blk1_3: fillColor = [1, 1, 1]
17.1788 	EXP 	blk2_3: fillColor = [1, 0, 0]
17.1788 	EXP 	blk1_3: autoDraw = True
17.1788 	EXP 	blk2_3: autoDraw = True
17.1788 	EXP 	blk3_3: autoDraw = True
17.1788 	EXP 	blk4_3: autoDraw = True
17.1788 	EXP 	blk5_3: autoDraw = True
17.1788 	EXP 	blk6_3: autoDraw = True
17.1788 	EXP 	blk7_3: autoDraw = True
17.1788 	EXP 	blk8_3: autoDraw = True
17.1788 	EXP 	blk9_3: autoDraw = True
17.6631 	EXP 	New trial (rep=2, index=0): <Trial 2 (0 in rep 2) data={'thisN': 2, 'thisTrialN': 0, 'thisRepN': 2}>
17.6788 	EXP 	blk1_3: autoDraw = False
17.6788 	EXP 	blk2_3: autoDraw = False
17.6788 	EXP 	blk3_3: autoDraw = False
17.6788 	EXP 	blk4_3: autoDraw = False
17.6788 	EXP 	blk5_3: autoDraw = False
17.6788 	EXP 	blk6_3: autoDraw = False
17.6788 	EXP 	blk7_3: autoDraw = False
17.6788 	EXP 	blk8_3: autoDraw = False
17.6788 	EXP 	blk9_3: autoDraw = False
17.6788 	EXP 	blk1_3: autoDraw = False
17.6788 	EXP 	blk2_3: autoDraw = False
17.6788 	EXP 	blk3_3: autoDraw = False
17.6788 	EXP 	blk4_3: autoDraw = False
17.6788 	EXP 	blk5_3: autoDraw = False
17.6788 	EXP 	blk6_3: autoDraw = False
17.6788 	EXP 	blk7_3: autoDraw = False
17.6788 	EXP 	blk8_3: autoDraw = False
17.6788 	EXP 	blk9_3: autoDraw = False
17.6788 	EXP 	blk2_3: fillColor = [1, 1, 1]
17.6788 	EXP 	blk3_3: fillColor = [1, 0, 0]
17.6788 	EXP 	blk1_3: autoDraw = True
17.6788 	EXP 	blk2_3: autoDraw = True
17.6788 	EXP 	blk3_3: autoDraw = True
17.6788 	EXP 	blk4_3: autoDraw = True
17.6788 	EXP 	blk5_3: autoDraw = True
17.6788 	EXP 	blk6_3: autoDraw = True
17.6788 	EXP 	blk7_3: autoDraw = True
17.6788 	EXP 	blk8_3: autoDraw = True
17.6788 	EXP 	blk9_3: autoDraw = True
18.2030 	EXP 	blk1_3: autoDraw = False
18.2030 	EXP 	blk2_3: autoDraw = False
18.2030 	EXP 	blk3_3: autoDraw = False
18.2030 	EXP 	blk4_3: autoDraw = False
18.2030 	EXP 	blk5_3: autoDraw = False
18.2030 	EXP 	blk6_3: autoDraw = False
18.2030 	EXP 	blk7_3: autoDraw = False
18.2030 	EXP 	blk8_3: autoDraw = False
18.2030 	EXP 	blk9_3: autoDraw = False
18.2030 	EXP 	blk1_3: autoDraw = False
18.2030 	EXP 	blk2_3: autoDraw = False
18.2030 	EXP 	blk3_3: autoDraw = False
18.2030 	EXP 	blk4_3: autoDraw = False
18.2030 	EXP 	blk5_3: autoDraw = False
18.2030 	EXP 	blk6_3: autoDraw = False
18.2030 	EXP 	blk7_3: autoDraw = False
18.2030 	EXP 	blk8_3: autoDraw = False
18.2030 	EXP 	blk9_3: autoDraw = False
18.2030 	EXP 	blk3_3: fillColor = [1, 1, 1]
18.2030 	EXP 	blk1: autoDraw = True
18.2030 	EXP 	blk2: autoDraw = True
18.2030 	EXP 	blk3: autoDraw = True
18.2030 	EXP 	blk4: autoDraw = True
18.2030 	EXP 	blk5: autoDraw = True
18.2030 	EXP 	blk6: autoDraw = True
18.2030 	EXP 	blk7: autoDraw = True
18.2030 	EXP 	blk8: autoDraw = True
18.2030 	EXP 	blk9: autoDraw = True
18.6464 	DATA 	Mouse: Left button down, pos=(1172,369)
18.6623 	EXP 	blk2: fillColor = [1, 0, 0]
18.6788 	EXP 	blk2: fillColor = [1, 0, 0]
18.6956 	EXP 	blk2: fillColor = [1, 0, 0]
18.7122 	EXP 	blk2: fillColor = [1, 0, 0]
18.7288 	EXP 	blk2: fillColor = [1, 0, 0]
18.7455 	EXP 	blk2: fillColor = [1, 0, 0]
18.7621 	EXP 	blk2: fillColor = [1, 0, 0]
18.7787 	EXP 	blk2: fillColor = [1, 0, 0]
18.7954 	EXP 	blk2: fillColor = [1, 0, 0]
18.8121 	EXP 	blk2: fillColor = [1, 0, 0]
18.8286 	EXP 	blk2: fillColor = [1, 0, 0]
18.8456 	EXP 	blk2: fillColor = [1, 0, 0]
18.8622 	EXP 	blk2: fillColor = [1, 0, 0]
18.8787 	EXP 	blk2: fillColor = [1, 0, 0]
18.8794 	DATA 	Mouse:  Left button up, pos=(1172,369)
19.4126 	DATA 	Mouse: Left button down, pos=(1381,388)
19.4287 	EXP 	blk6: fillColor = [1, 0, 0]
19.4454 	EXP 	blk6: fillColor = [1, 0, 0]
19.4621 	EXP 	blk6: fillColor = [1, 0, 0]
19.4787 	EXP 	blk6: fillColor = [1, 0, 0]
19.4956 	EXP 	blk6: fillColor = [1, 0, 0]
19.5121 	EXP 	blk6: fillColor = [1, 0, 0]
19.5286 	EXP 	blk6: fillColor = [1, 0, 0]
19.5454 	EXP 	blk6: fillColor = [1, 0, 0]
19.5619 	EXP 	blk6: fillColor = [1, 0, 0]
19.5788 	EXP 	blk6: fillColor = [1, 0, 0]
19.5955 	EXP 	blk6: fillColor = [1, 0, 0]
19.6120 	EXP 	blk6: fillColor = [1, 0, 0]
19.6287 	EXP 	blk6: fillColor = [1, 0, 0]
19.6296 	DATA 	Mouse:  Left button up, pos=(1381,388)
20.1965 	DATA 	Mouse: Left button down, pos=(1182,256)
20.2121 	EXP 	blk1: fillColor = [1, 0, 0]
20.2121 	EXP 	submit_button: autoDraw = True
20.2287 	EXP 	blk1: fillColor = [1, 0, 0]
20.2455 	EXP 	blk1: fillColor = [1, 0, 0]
20.2621 	EXP 	blk1: fillColor = [1, 0, 0]
20.2788 	EXP 	blk1: fillColor = [1, 0, 0]
20.2954 	EXP 	blk1: fillColor = [1, 0, 0]
20.3119 	EXP 	blk1: fillColor = [1, 0, 0]
20.3289 	EXP 	blk1: fillColor = [1, 0, 0]
20.3455 	EXP 	blk1: fillColor = [1, 0, 0]
20.3620 	EXP 	blk1: fillColor = [1, 0, 0]
20.3789 	EXP 	blk1: fillColor = [1, 0, 0]
20.3954 	EXP 	blk1: fillColor = [1, 0, 0]
20.4122 	EXP 	blk1: fillColor = [1, 0, 0]
20.4290 	EXP 	blk1: fillColor = [1, 0, 0]
20.4296 	DATA 	Mouse:  Left button up, pos=(1182,256)
21.0627 	DATA 	Mouse: Left button down, pos=(1442,123)
21.0789 	EXP 	blk1: autoDraw = False
21.0789 	EXP 	blk2: autoDraw = False
21.0789 	EXP 	blk3: autoDraw = False
21.0789 	EXP 	blk4: autoDraw = False
21.0789 	EXP 	blk5: autoDraw = False
21.0789 	EXP 	blk6: autoDraw = False
21.0789 	EXP 	blk7: autoDraw = False
21.0789 	EXP 	blk8: autoDraw = False
21.0789 	EXP 	blk9: autoDraw = False
21.0789 	EXP 	submit_button: autoDraw = False
21.0789 	EXP 	fbtxt: foreColor = <psychopy.colors.Color: red, alpha=1.0>
21.0789 	EXP 	fbtxt: text = 'Incorrect!'
21.0789 	EXP 	blk1: fillColor = [1, 1, 1]
21.0789 	EXP 	blk2: fillColor = [1, 1, 1]
21.0789 	EXP 	blk3: fillColor = [1, 1, 1]
21.0789 	EXP 	blk4: fillColor = [1, 1, 1]
21.0789 	EXP 	blk5: fillColor = [1, 1, 1]
21.0789 	EXP 	blk6: fillColor = [1, 1, 1]
21.0789 	EXP 	blk7: fillColor = [1, 1, 1]
21.0789 	EXP 	blk8: fillColor = [1, 1, 1]
21.0789 	EXP 	blk9: fillColor = [1, 1, 1]
21.0789 	EXP 	blk1_3: fillColor = [1, 1, 1]
21.0789 	EXP 	blk2_3: fillColor = [1, 1, 1]
21.0789 	EXP 	blk3_3: fillColor = [1, 1, 1]
21.0789 	EXP 	blk4_3: fillColor = [1, 1, 1]
21.0789 	EXP 	blk5_3: fillColor = [1, 1, 1]
21.0789 	EXP 	blk6_3: fillColor = [1, 1, 1]
21.0789 	EXP 	blk7_3: fillColor = [1, 1, 1]
21.0789 	EXP 	blk8_3: fillColor = [1, 1, 1]
21.0789 	EXP 	blk9_3: fillColor = [1, 1, 1]
21.0789 	EXP 	fbtxt: autoDraw = True
21.2803 	DATA 	Mouse:  Left button up, pos=(1442,123)
22.0628 	EXP 	New trial (rep=3, index=0): <Trial 3 (0 in rep 3) data={'thisN': 3, 'thisTrialN': 0, 'thisRepN': 3}>
22.0787 	EXP 	fbtxt: autoDraw = False
22.0787 	EXP 	fbtxt: autoDraw = False
22.0787 	EXP 	blk1_3: foreColor = <psychopy.colors.Color: white, alpha=1.0>
22.0787 	EXP 	blk1_3: borderColor = <psychopy.colors.Color: white, alpha=1.0>
22.0787 	EXP 	blk1_3: fillColor = <psychopy.colors.Color: white, alpha=1.0>
22.0787 	EXP 	blk1: foreColor = <psychopy.colors.Color: white, alpha=1.0>
22.0787 	EXP 	blk1: borderColor = <psychopy.colors.Color: white, alpha=1.0>
22.0787 	EXP 	blk1: fillColor = <psychopy.colors.Color: white, alpha=1.0>
22.0787 	EXP 	blk2_3: foreColor = <psychopy.colors.Color: white, alpha=1.0>
22.0787 	EXP 	blk2_3: borderColor = <psychopy.colors.Color: white, alpha=1.0>
22.0787 	EXP 	blk2_3: fillColor = <psychopy.colors.Color: white, alpha=1.0>
22.0787 	EXP 	blk2: foreColor = <psychopy.colors.Color: white, alpha=1.0>
22.0787 	EXP 	blk2: borderColor = <psychopy.colors.Color: white, alpha=1.0>
22.0787 	EXP 	blk2: fillColor = <psychopy.colors.Color: white, alpha=1.0>
22.0787 	EXP 	blk3_3: foreColor = <psychopy.colors.Color: white, alpha=1.0>
22.0787 	EXP 	blk3_3: borderColor = <psychopy.colors.Color: white, alpha=1.0>
22.0787 	EXP 	blk3_3: fillColor = <psychopy.colors.Color: white, alpha=1.0>
22.0787 	EXP 	blk3: foreColor = <psychopy.colors.Color: white, alpha=1.0>
22.0787 	EXP 	blk3: borderColor = <psychopy.colors.Color: white, alpha=1.0>
22.0787 	EXP 	blk3: fillColor = <psychopy.colors.Color: white, alpha=1.0>
22.0787 	EXP 	blank: autoDraw = True
22.5631 	EXP 	New trial (rep=0, index=0): <Trial 0 (0 in rep 0) data={'thisN': 0, 'thisTrialN': 0, 'thisRepN': 0}>
22.5789 	EXP 	blank: autoDraw = False
22.5789 	EXP 	blank: autoDraw = False
22.5789 	EXP 	blk1_3: fillColor = [1, 0, 0]
22.5789 	EXP 	blk1_3: autoDraw = True
22.5789 	EXP 	blk2_3: autoDraw = True
22.5789 	EXP 	blk3_3: autoDraw = True
22.5789 	EXP 	blk4_3: autoDraw = True
22.5789 	EXP 	blk5_3: autoDraw = True
22.5789 	EXP 	blk6_3: autoDraw = True
22.5789 	EXP 	blk7_3: autoDraw = True
22.5789 	EXP 	blk8_3: autoDraw = True
22.5789 	EXP 	blk9_3: autoDraw = True
23.0628 	EXP 	New trial (rep=1, index=0): <Trial 1 (0 in rep 1) data={'thisN': 1, 'thisTrialN': 0, 'thisRepN': 1}>
23.0788 	EXP 	blk1_3: autoDraw = False
23.0788 	EXP 	blk2_3: autoDraw = False
23.0788 	EXP 	blk3_3: autoDraw = False
23.0788 	EXP 	blk4_3: autoDraw = False
23.0788 	EXP 	blk5_3: autoDraw = False
23.0788 	EXP 	blk6_3: autoDraw = False
23.0788 	EXP 	blk7_3: autoDraw = False
23.0788 	EXP 	blk8_3: autoDraw = False
23.0788 	EXP 	blk9_3: autoDraw = False
23.0788 	EXP 	blk1_3: autoDraw = False
23.0788 	EXP 	blk2_3: autoDraw = False
23.0788 	EXP 	blk3_3: autoDraw = False
23.0788 	EXP 	blk4_3: autoDraw = False
23.0788 	EXP 	blk5_3: autoDraw = False
23.0788 	EXP 	blk6_3: autoDraw = False
23.0788 	EXP 	blk7_3: autoDraw = False
23.0788 	EXP 	blk8_3: autoDraw = False
23.0788 	EXP 	blk9_3: autoDraw = False
23.0788 	EXP 	blk1_3: fillColor = [1, 1, 1]
23.0788 	EXP 	blk2_3: fillColor = [1, 0, 0]
23.0788 	EXP 	blk1_3: autoDraw = True
23.0788 	EXP 	blk2_3: autoDraw = True
23.0788 	EXP 	blk3_3: autoDraw = True
23.0788 	EXP 	blk4_3: autoDraw = True
23.0788 	EXP 	blk5_3: autoDraw = True
23.0788 	EXP 	blk6_3: autoDraw = True
23.0788 	EXP 	blk7_3: autoDraw = True
23.0788 	EXP 	blk8_3: autoDraw = True
23.0788 	EXP 	blk9_3: autoDraw = True
23.5630 	EXP 	New trial (rep=2, index=0): <Trial 2 (0 in rep 2) data={'thisN': 2, 'thisTrialN': 0, 'thisRepN': 2}>
23.5788 	EXP 	blk1_3: autoDraw = False
23.5788 	EXP 	blk2_3: autoDraw = False
23.5788 	EXP 	blk3_3: autoDraw = False
23.5788 	EXP 	blk4_3: autoDraw = False
23.5788 	EXP 	blk5_3: autoDraw = False
23.5788 	EXP 	blk6_3: autoDraw = False
23.5788 	EXP 	blk7_3: autoDraw = False
23.5788 	EXP 	blk8_3: autoDraw = False
23.5788 	EXP 	blk9_3: autoDraw = False
23.5788 	EXP 	blk1_3: autoDraw = False
23.5788 	EXP 	blk2_3: autoDraw = False
23.5788 	EXP 	blk3_3: autoDraw = False
23.5788 	EXP 	blk4_3: autoDraw = False
23.5788 	EXP 	blk5_3: autoDraw = False
23.5788 	EXP 	blk6_3: autoDraw = False
23.5788 	EXP 	blk7_3: autoDraw = False
23.5788 	EXP 	blk8_3: autoDraw = False
23.5788 	EXP 	blk9_3: autoDraw = False
23.5788 	EXP 	blk2_3: fillColor = [1, 1, 1]
23.5788 	EXP 	blk3_3: fillColor = [1, 0, 0]
23.5788 	EXP 	blk1_3: autoDraw = True
23.5788 	EXP 	blk2_3: autoDraw = True
23.5788 	EXP 	blk3_3: autoDraw = True
23.5788 	EXP 	blk4_3: autoDraw = True
23.5788 	EXP 	blk5_3: autoDraw = True
23.5788 	EXP 	blk6_3: autoDraw = True
23.5788 	EXP 	blk7_3: autoDraw = True
23.5788 	EXP 	blk8_3: autoDraw = True
23.5788 	EXP 	blk9_3: autoDraw = True
24.1053 	EXP 	blk1_3: autoDraw = False
24.1053 	EXP 	blk2_3: autoDraw = False
24.1053 	EXP 	blk3_3: autoDraw = False
24.1053 	EXP 	blk4_3: autoDraw = False
24.1053 	EXP 	blk5_3: autoDraw = False
24.1053 	EXP 	blk6_3: autoDraw = False
24.1053 	EXP 	blk7_3: autoDraw = False
24.1053 	EXP 	blk8_3: autoDraw = False
24.1053 	EXP 	blk9_3: autoDraw = False
24.1053 	EXP 	blk1_3: autoDraw = False
24.1053 	EXP 	blk2_3: autoDraw = False
24.1053 	EXP 	blk3_3: autoDraw = False
24.1053 	EXP 	blk4_3: autoDraw = False
24.1053 	EXP 	blk5_3: autoDraw = False
24.1053 	EXP 	blk6_3: autoDraw = False
24.1053 	EXP 	blk7_3: autoDraw = False
24.1053 	EXP 	blk8_3: autoDraw = False
24.1053 	EXP 	blk9_3: autoDraw = False
24.1053 	EXP 	blk3_3: fillColor = [1, 1, 1]
24.1053 	EXP 	blk1: autoDraw = True
24.1053 	EXP 	blk2: autoDraw = True
24.1053 	EXP 	blk3: autoDraw = True
24.1053 	EXP 	blk4: autoDraw = True
24.1053 	EXP 	blk5: autoDraw = True
24.1053 	EXP 	blk6: autoDraw = True
24.1053 	EXP 	blk7: autoDraw = True
24.1053 	EXP 	blk8: autoDraw = True
24.1053 	EXP 	blk9: autoDraw = True
25.2966 	DATA 	Mouse: Left button down, pos=(970,227)
25.3120 	EXP 	blk1: fillColor = [1, 0, 0]
25.3285 	EXP 	blk1: fillColor = [1, 0, 0]
25.3453 	EXP 	blk1: fillColor = [1, 0, 0]
25.3620 	EXP 	blk1: fillColor = [1, 0, 0]
25.3786 	EXP 	blk1: fillColor = [1, 0, 0]
25.3954 	EXP 	blk1: fillColor = [1, 0, 0]
25.4121 	EXP 	blk1: fillColor = [1, 0, 0]
25.4289 	EXP 	blk1: fillColor = [1, 0, 0]
25.4455 	EXP 	blk1: fillColor = [1, 0, 0]
25.4620 	EXP 	blk1: fillColor = [1, 0, 0]
25.4786 	EXP 	blk1: fillColor = [1, 0, 0]
25.4954 	EXP 	blk1: fillColor = [1, 0, 0]
25.5120 	EXP 	blk1: fillColor = [1, 0, 0]
25.5127 	DATA 	Mouse:  Left button up, pos=(970,227)
26.1960 	DATA 	Mouse: Left button down, pos=(1263,474)
26.2121 	EXP 	blk5: fillColor = [1, 0, 0]
26.2288 	EXP 	blk5: fillColor = [1, 0, 0]
26.2453 	EXP 	blk5: fillColor = [1, 0, 0]
26.2622 	EXP 	blk5: fillColor = [1, 0, 0]
26.2787 	EXP 	blk5: fillColor = [1, 0, 0]
26.2955 	EXP 	blk5: fillColor = [1, 0, 0]
26.3120 	EXP 	blk5: fillColor = [1, 0, 0]
26.3287 	EXP 	blk5: fillColor = [1, 0, 0]
26.3456 	EXP 	blk5: fillColor = [1, 0, 0]
26.3620 	EXP 	blk5: fillColor = [1, 0, 0]
26.3788 	EXP 	blk5: fillColor = [1, 0, 0]
26.3954 	EXP 	blk5: fillColor = [1, 0, 0]
26.4120 	EXP 	blk5: fillColor = [1, 0, 0]
26.4288 	EXP 	blk5: fillColor = [1, 0, 0]
26.4295 	DATA 	Mouse:  Left button up, pos=(1263,474)
27.3295 	DATA 	Mouse: Left button down, pos=(1039,623)
27.3452 	EXP 	blk6: fillColor = [1, 0, 0]
27.3452 	EXP 	submit_button: autoDraw = True
27.3619 	EXP 	blk6: fillColor = [1, 0, 0]
27.3786 	EXP 	blk6: fillColor = [1, 0, 0]
27.3952 	EXP 	blk6: fillColor = [1, 0, 0]
27.4118 	EXP 	blk6: fillColor = [1, 0, 0]
27.4288 	EXP 	blk6: fillColor = [1, 0, 0]
27.4455 	EXP 	blk6: fillColor = [1, 0, 0]
27.4623 	EXP 	blk6: fillColor = [1, 0, 0]
27.4787 	EXP 	blk6: fillColor = [1, 0, 0]
27.4952 	EXP 	blk6: fillColor = [1, 0, 0]
27.5120 	EXP 	blk6: fillColor = [1, 0, 0]
27.5288 	EXP 	blk6: fillColor = [1, 0, 0]
27.5455 	EXP 	blk6: fillColor = [1, 0, 0]
27.5458 	DATA 	Mouse:  Left button up, pos=(1039,623)
28.3462 	DATA 	Mouse: Left button down, pos=(1463,121)
28.3620 	EXP 	blk1: autoDraw = False
28.3620 	EXP 	blk2: autoDraw = False
28.3620 	EXP 	blk3: autoDraw = False
28.3620 	EXP 	blk4: autoDraw = False
28.3620 	EXP 	blk5: autoDraw = False
28.3620 	EXP 	blk6: autoDraw = False
28.3620 	EXP 	blk7: autoDraw = False
28.3620 	EXP 	blk8: autoDraw = False
28.3620 	EXP 	blk9: autoDraw = False
28.3620 	EXP 	submit_button: autoDraw = False
28.3620 	EXP 	fbtxt: foreColor = <psychopy.colors.Color: red, alpha=1.0>
28.3620 	EXP 	fbtxt: text = 'Incorrect!'
28.3620 	EXP 	blk1: fillColor = [1, 1, 1]
28.3620 	EXP 	blk2: fillColor = [1, 1, 1]
28.3620 	EXP 	blk3: fillColor = [1, 1, 1]
28.3620 	EXP 	blk4: fillColor = [1, 1, 1]
28.3620 	EXP 	blk5: fillColor = [1, 1, 1]
28.3620 	EXP 	blk6: fillColor = [1, 1, 1]
28.3620 	EXP 	blk7: fillColor = [1, 1, 1]
28.3620 	EXP 	blk8: fillColor = [1, 1, 1]
28.3620 	EXP 	blk9: fillColor = [1, 1, 1]
28.3620 	EXP 	blk1_3: fillColor = [1, 1, 1]
28.3620 	EXP 	blk2_3: fillColor = [1, 1, 1]
28.3620 	EXP 	blk3_3: fillColor = [1, 1, 1]
28.3620 	EXP 	blk4_3: fillColor = [1, 1, 1]
28.3620 	EXP 	blk5_3: fillColor = [1, 1, 1]
28.3620 	EXP 	blk6_3: fillColor = [1, 1, 1]
28.3620 	EXP 	blk7_3: fillColor = [1, 1, 1]
28.3620 	EXP 	blk8_3: fillColor = [1, 1, 1]
28.3620 	EXP 	blk9_3: fillColor = [1, 1, 1]
28.3620 	EXP 	fbtxt: autoDraw = True
28.5630 	DATA 	Mouse:  Left button up, pos=(1463,121)
29.4004 	EXP 	fbtxt: autoDraw = False
29.4004 	EXP 	fbtxt: autoDraw = False
29.4004 	EXP 	text_2: height = 0.05
29.4004 	EXP 	text_2: height = 0.05
29.4004 	EXP 	text_2: height = 0.05
29.4004 	EXP 	text_2: text = 'Your maximum blocks remembered was: 2'
29.4004 	EXP 	text_2: autoDraw = True
31.6634 	DATA 	Keypress: escape
31.8127 	EXP 	corsi_blocks: status = STOPPED
31.8285 	EXP 	text_2: autoDraw = False
31.8286 	EXP 	corsi_blocks: status = STOPPED
